Analysis & Synthesis report for Individual_Project_Linear_Filter
Fri May 24 20:30:51 2024
Quartus Prime Version 18.1.0 Build 625 09/12/2018 SJ Standard Edition


---------------------
; Table of Contents ;
---------------------
  1. Legal Notice
  2. Analysis & Synthesis Summary
  3. Analysis & Synthesis Settings
  4. Parallel Compilation
  5. Analysis & Synthesis Messages



----------------
; Legal Notice ;
----------------
Copyright (C) 2018  Intel Corporation. All rights reserved.
Your use of Intel Corporation's design tools, logic functions 
and other software and tools, and its AMPP partner logic 
functions, and any output files from any of the foregoing 
(including device programming or simulation files), and any 
associated documentation or information are expressly subject 
to the terms and conditions of the Intel Program License 
Subscription Agreement, the Intel Quartus Prime License Agreement,
the Intel FPGA IP License Agreement, or other applicable license
agreement, including, without limitation, that your use is for
the sole purpose of programming logic devices manufactured by
Intel and sold by Intel or its authorized distributors.  Please
refer to the applicable agreement for further details.



+-------------------------------------------------------------------------------+
; Analysis & Synthesis Summary                                                  ;
+-----------------------------+-------------------------------------------------+
; Analysis & Synthesis Status ; Failed - Fri May 24 20:30:51 2024               ;
; Quartus Prime Version       ; 18.1.0 Build 625 09/12/2018 SJ Standard Edition ;
; Revision Name               ; Individual_Project_Linear_Filter                ;
; Top-level Entity Name       ; ConfigAspAvg                                    ;
; Family                      ; Cyclone V                                       ;
; Logic utilization (in ALMs) ; N/A until Partition Merge                       ;
; Total registers             ; N/A until Partition Merge                       ;
; Total pins                  ; N/A until Partition Merge                       ;
; Total virtual pins          ; N/A until Partition Merge                       ;
; Total block memory bits     ; N/A until Partition Merge                       ;
; Total PLLs                  ; N/A until Partition Merge                       ;
; Total DLLs                  ; N/A until Partition Merge                       ;
+-----------------------------+-------------------------------------------------+


+-----------------------------------------------------------------------------------------------------------------------------------------+
; Analysis & Synthesis Settings                                                                                                           ;
+---------------------------------------------------------------------------------+--------------------+----------------------------------+
; Option                                                                          ; Setting            ; Default Value                    ;
+---------------------------------------------------------------------------------+--------------------+----------------------------------+
; Device                                                                          ; 5CSEMA5F31C6       ;                                  ;
; Top-level entity name                                                           ; ConfigAspAvg       ; Individual_Project_Linear_Filter ;
; Family name                                                                     ; Cyclone V          ; Cyclone V                        ;
; Use smart compilation                                                           ; Off                ; Off                              ;
; Enable parallel Assembler and Timing Analyzer during compilation                ; On                 ; On                               ;
; Enable compact report table                                                     ; Off                ; Off                              ;
; Restructure Multiplexers                                                        ; Auto               ; Auto                             ;
; MLAB Add Timing Constraints For Mixed-Port Feed-Through Mode Setting Don't Care ; Off                ; Off                              ;
; Create Debugging Nodes for IP Cores                                             ; Off                ; Off                              ;
; Preserve fewer node names                                                       ; On                 ; On                               ;
; Intel FPGA IP Evaluation Mode                                                   ; Enable             ; Enable                           ;
; Verilog Version                                                                 ; Verilog_2001       ; Verilog_2001                     ;
; VHDL Version                                                                    ; VHDL_1993          ; VHDL_1993                        ;
; State Machine Processing                                                        ; Auto               ; Auto                             ;
; Safe State Machine                                                              ; Off                ; Off                              ;
; Extract Verilog State Machines                                                  ; On                 ; On                               ;
; Extract VHDL State Machines                                                     ; On                 ; On                               ;
; Ignore Verilog initial constructs                                               ; Off                ; Off                              ;
; Iteration limit for constant Verilog loops                                      ; 5000               ; 5000                             ;
; Iteration limit for non-constant Verilog loops                                  ; 250                ; 250                              ;
; Add Pass-Through Logic to Inferred RAMs                                         ; On                 ; On                               ;
; Infer RAMs from Raw Logic                                                       ; On                 ; On                               ;
; Parallel Synthesis                                                              ; On                 ; On                               ;
; DSP Block Balancing                                                             ; Auto               ; Auto                             ;
; NOT Gate Push-Back                                                              ; On                 ; On                               ;
; Power-Up Don't Care                                                             ; On                 ; On                               ;
; Remove Redundant Logic Cells                                                    ; Off                ; Off                              ;
; Remove Duplicate Registers                                                      ; On                 ; On                               ;
; Ignore CARRY Buffers                                                            ; Off                ; Off                              ;
; Ignore CASCADE Buffers                                                          ; Off                ; Off                              ;
; Ignore GLOBAL Buffers                                                           ; Off                ; Off                              ;
; Ignore ROW GLOBAL Buffers                                                       ; Off                ; Off                              ;
; Ignore LCELL Buffers                                                            ; Off                ; Off                              ;
; Ignore SOFT Buffers                                                             ; On                 ; On                               ;
; Limit AHDL Integers to 32 Bits                                                  ; Off                ; Off                              ;
; Optimization Technique                                                          ; Balanced           ; Balanced                         ;
; Carry Chain Length                                                              ; 70                 ; 70                               ;
; Auto Carry Chains                                                               ; On                 ; On                               ;
; Auto Open-Drain Pins                                                            ; On                 ; On                               ;
; Perform WYSIWYG Primitive Resynthesis                                           ; Off                ; Off                              ;
; Auto ROM Replacement                                                            ; On                 ; On                               ;
; Auto RAM Replacement                                                            ; On                 ; On                               ;
; Auto DSP Block Replacement                                                      ; On                 ; On                               ;
; Auto Shift Register Replacement                                                 ; Auto               ; Auto                             ;
; Allow Shift Register Merging across Hierarchies                                 ; Auto               ; Auto                             ;
; Auto Clock Enable Replacement                                                   ; On                 ; On                               ;
; Strict RAM Replacement                                                          ; Off                ; Off                              ;
; Allow Synchronous Control Signals                                               ; On                 ; On                               ;
; Force Use of Synchronous Clear Signals                                          ; Off                ; Off                              ;
; Auto Resource Sharing                                                           ; Off                ; Off                              ;
; Allow Any RAM Size For Recognition                                              ; Off                ; Off                              ;
; Allow Any ROM Size For Recognition                                              ; Off                ; Off                              ;
; Allow Any Shift Register Size For Recognition                                   ; Off                ; Off                              ;
; Use LogicLock Constraints during Resource Balancing                             ; On                 ; On                               ;
; Ignore translate_off and synthesis_off directives                               ; Off                ; Off                              ;
; Timing-Driven Synthesis                                                         ; On                 ; On                               ;
; Report Parameter Settings                                                       ; On                 ; On                               ;
; Report Source Assignments                                                       ; On                 ; On                               ;
; Report Connectivity Checks                                                      ; On                 ; On                               ;
; Ignore Maximum Fan-Out Assignments                                              ; Off                ; Off                              ;
; Synchronization Register Chain Length                                           ; 3                  ; 3                                ;
; Power Optimization During Synthesis                                             ; Normal compilation ; Normal compilation               ;
; HDL message level                                                               ; Level2             ; Level2                           ;
; Suppress Register Optimization Related Messages                                 ; Off                ; Off                              ;
; Number of Removed Registers Reported in Synthesis Report                        ; 5000               ; 5000                             ;
; Number of Swept Nodes Reported in Synthesis Report                              ; 5000               ; 5000                             ;
; Number of Inverted Registers Reported in Synthesis Report                       ; 100                ; 100                              ;
; Clock MUX Protection                                                            ; On                 ; On                               ;
; Auto Gated Clock Conversion                                                     ; Off                ; Off                              ;
; Block Design Naming                                                             ; Auto               ; Auto                             ;
; SDC constraint protection                                                       ; Off                ; Off                              ;
; Synthesis Effort                                                                ; Auto               ; Auto                             ;
; Shift Register Replacement - Allow Asynchronous Clear Signal                    ; On                 ; On                               ;
; Pre-Mapping Resynthesis Optimization                                            ; Off                ; Off                              ;
; Analysis & Synthesis Message Level                                              ; Medium             ; Medium                           ;
; Disable Register Merging Across Hierarchies                                     ; Auto               ; Auto                             ;
; Resource Aware Inference For Block RAM                                          ; On                 ; On                               ;
; Automatic Parallel Synthesis                                                    ; On                 ; On                               ;
; Partial Reconfiguration Bitstream ID                                            ; Off                ; Off                              ;
+---------------------------------------------------------------------------------+--------------------+----------------------------------+


+------------------------------------------+
; Parallel Compilation                     ;
+----------------------------+-------------+
; Processors                 ; Number      ;
+----------------------------+-------------+
; Number detected on machine ; 24          ;
; Maximum allowed            ; 16          ;
;                            ;             ;
; Average used               ; 1.00        ;
; Maximum used               ; 1           ;
;                            ;             ;
; Usage by Processor         ; % Time Used ;
;     Processor 1            ; 100.0%      ;
+----------------------------+-------------+


+-------------------------------+
; Analysis & Synthesis Messages ;
+-------------------------------+
Info: *******************************************************************
Info: Running Quartus Prime Analysis & Synthesis
    Info: Version 18.1.0 Build 625 09/12/2018 SJ Standard Edition
    Info: Processing started: Fri May 24 20:30:45 2024
Info: Command: quartus_map --read_settings_files=on --write_settings_files=off Individual_Project_Linear_Filter -c Individual_Project_Linear_Filter
Warning (18236): Number of processors has not been specified which may cause overloading on shared machines.  Set the global assignment NUM_PARALLEL_PROCESSORS in your QSF to an appropriate value for best performance.
Info (20030): Parallel compilation is enabled and will use 16 of the 16 processors detected
Info (12021): Found 2 design units, including 1 entities, in source file ip/audioclock_1/audioclock.vhd
    Info (12022): Found design unit 1: AudioClock-rtl File: H:/echome/GitHub_2024/compsys_701_lab_2/Individual_Project/ip/AudioClock_1/AudioClock.vhd Line: 18
    Info (12023): Found entity 1: AudioClock File: H:/echome/GitHub_2024/compsys_701_lab_2/Individual_Project/ip/AudioClock_1/AudioClock.vhd Line: 9
Info (12021): Found 2 design units, including 1 entities, in source file ip/audiorom/audiorom.vhd
    Info (12022): Found design unit 1: audiorom-SYN File: H:/echome/GitHub_2024/compsys_701_lab_2/Individual_Project/ip/AudioRom/AudioRom.vhd Line: 53
    Info (12023): Found entity 1: AudioRom File: H:/echome/GitHub_2024/compsys_701_lab_2/Individual_Project/ip/AudioRom/AudioRom.vhd Line: 43
Info (12021): Found 2 design units, including 1 entities, in source file src/audio/audiotones.vhd
    Info (12022): Found design unit 1: AudioTones-rtl File: H:/echome/GitHub_2024/compsys_701_lab_2/Individual_Project/src/Audio/AudioTones.vhd Line: 20
    Info (12023): Found entity 1: AudioTones File: H:/echome/GitHub_2024/compsys_701_lab_2/Individual_Project/src/Audio/AudioTones.vhd Line: 7
Info (12021): Found 2 design units, including 1 entities, in source file src/audio/audioout.vhd
    Info (12022): Found design unit 1: AudioOut-rtl File: H:/echome/GitHub_2024/compsys_701_lab_2/Individual_Project/src/Audio/AudioOut.vhd Line: 20
    Info (12023): Found entity 1: AudioOut File: H:/echome/GitHub_2024/compsys_701_lab_2/Individual_Project/src/Audio/AudioOut.vhd Line: 7
Info (12021): Found 2 design units, including 1 entities, in source file src/audio/audioin.vhd
    Info (12022): Found design unit 1: AudioIn-rtl File: H:/echome/GitHub_2024/compsys_701_lab_2/Individual_Project/src/Audio/AudioIn.vhd Line: 20
    Info (12023): Found entity 1: AudioIn File: H:/echome/GitHub_2024/compsys_701_lab_2/Individual_Project/src/Audio/AudioIn.vhd Line: 7
Info (12021): Found 2 design units, including 1 entities, in source file src/audio/audiocontrol.vhd
    Info (12022): Found design unit 1: AudioControl-rtl File: H:/echome/GitHub_2024/compsys_701_lab_2/Individual_Project/src/Audio/AudioControl.vhd Line: 13
    Info (12023): Found entity 1: AudioControl File: H:/echome/GitHub_2024/compsys_701_lab_2/Individual_Project/src/Audio/AudioControl.vhd Line: 5
Info (12021): Found 2 design units, including 1 entities, in source file src/audio/audio.vhd
    Info (12022): Found design unit 1: Audio-rtl File: H:/echome/GitHub_2024/compsys_701_lab_2/Individual_Project/src/Audio/Audio.vhd Line: 35
    Info (12023): Found entity 1: Audio File: H:/echome/GitHub_2024/compsys_701_lab_2/Individual_Project/src/Audio/Audio.vhd Line: 10
Info (12021): Found 2 design units, including 1 entities, in source file ip/tdmaminfifo/tdmaminfifo.vhd
    Info (12022): Found design unit 1: tdmaminfifo-SYN File: H:/echome/GitHub_2024/compsys_701_lab_2/Individual_Project/ip/TdmaMinFifo/TdmaMinFifo.vhd Line: 57
    Info (12023): Found entity 1: TdmaMinFifo File: H:/echome/GitHub_2024/compsys_701_lab_2/Individual_Project/ip/TdmaMinFifo/TdmaMinFifo.vhd Line: 43
Info (12021): Found 2 design units, including 1 entities, in source file test/tdmamin/testtdmamininterface.vhd
    Info (12022): Found design unit 1: TestTdmaMinInterface-sim File: H:/echome/GitHub_2024/compsys_701_lab_2/Individual_Project/test/TdmaMin/TestTdmaMinInterface.vhd Line: 14
    Info (12023): Found entity 1: TestTdmaMinInterface File: H:/echome/GitHub_2024/compsys_701_lab_2/Individual_Project/test/TdmaMin/TestTdmaMinInterface.vhd Line: 8
Info (12021): Found 2 design units, including 1 entities, in source file test/tdmamin/testtdmamin.vhd
    Info (12022): Found design unit 1: TestTdmaMin-sim File: H:/echome/GitHub_2024/compsys_701_lab_2/Individual_Project/test/TdmaMin/TestTdmaMin.vhd Line: 14
    Info (12023): Found entity 1: TestTdmaMin File: H:/echome/GitHub_2024/compsys_701_lab_2/Individual_Project/test/TdmaMin/TestTdmaMin.vhd Line: 8
Info (12021): Found 2 design units, including 0 entities, in source file src/tdmamin/tdmamintypes.vhd
    Info (12022): Found design unit 1: TdmaMinTypes File: H:/echome/GitHub_2024/compsys_701_lab_2/Individual_Project/src/TdmaMin/TdmaMinTypes.vhd Line: 5
    Info (12022): Found design unit 2: TdmaMinTypes-body File: H:/echome/GitHub_2024/compsys_701_lab_2/Individual_Project/src/TdmaMin/TdmaMinTypes.vhd Line: 23
Info (12021): Found 2 design units, including 1 entities, in source file src/tdmamin/tdmaminswitch.vhd
    Info (12022): Found design unit 1: TdmaMinSwitch-rtl File: H:/echome/GitHub_2024/compsys_701_lab_2/Individual_Project/src/TdmaMin/TdmaMinSwitch.vhd Line: 18
    Info (12023): Found entity 1: TdmaMinSwitch File: H:/echome/GitHub_2024/compsys_701_lab_2/Individual_Project/src/TdmaMin/TdmaMinSwitch.vhd Line: 8
Info (12021): Found 2 design units, including 1 entities, in source file src/tdmamin/tdmaminstage.vhd
    Info (12022): Found design unit 1: TdmaMinStage-rtl File: H:/echome/GitHub_2024/compsys_701_lab_2/Individual_Project/src/TdmaMin/TdmaMinStage.vhd Line: 19
    Info (12023): Found entity 1: TdmaMinStage File: H:/echome/GitHub_2024/compsys_701_lab_2/Individual_Project/src/TdmaMin/TdmaMinStage.vhd Line: 8
Info (12021): Found 2 design units, including 1 entities, in source file src/tdmamin/tdmaminslots.vhd
    Info (12022): Found design unit 1: TdmaMinSlots-rtl File: H:/echome/GitHub_2024/compsys_701_lab_2/Individual_Project/src/TdmaMin/TdmaMinSlots.vhd Line: 15
    Info (12023): Found entity 1: TdmaMinSlots File: H:/echome/GitHub_2024/compsys_701_lab_2/Individual_Project/src/TdmaMin/TdmaMinSlots.vhd Line: 5
Info (12021): Found 2 design units, including 1 entities, in source file src/tdmamin/tdmamininterface.vhd
    Info (12022): Found design unit 1: TdmaMinInterface-rtl File: H:/echome/GitHub_2024/compsys_701_lab_2/Individual_Project/src/TdmaMin/TdmaMinInterface.vhd Line: 26
    Info (12023): Found entity 1: TdmaMinInterface File: H:/echome/GitHub_2024/compsys_701_lab_2/Individual_Project/src/TdmaMin/TdmaMinInterface.vhd Line: 10
Info (12021): Found 2 design units, including 1 entities, in source file src/tdmamin/tdmaminfabric.vhd
    Info (12022): Found design unit 1: TdmaMinFabric-rtl File: H:/echome/GitHub_2024/compsys_701_lab_2/Individual_Project/src/TdmaMin/TdmaMinFabric.vhd Line: 20
    Info (12023): Found entity 1: TdmaMinFabric File: H:/echome/GitHub_2024/compsys_701_lab_2/Individual_Project/src/TdmaMin/TdmaMinFabric.vhd Line: 8
Info (12021): Found 2 design units, including 1 entities, in source file src/tdmamin/tdmamin.vhd
    Info (12022): Found design unit 1: TdmaMin-rtl File: H:/echome/GitHub_2024/compsys_701_lab_2/Individual_Project/src/TdmaMin/TdmaMin.vhd Line: 19
    Info (12023): Found entity 1: TdmaMin File: H:/echome/GitHub_2024/compsys_701_lab_2/Individual_Project/src/TdmaMin/TdmaMin.vhd Line: 8
Info (12021): Found 2 design units, including 1 entities, in source file test/testtoplevel.vhd
    Info (12022): Found design unit 1: TestTopLevel-sim File: H:/echome/GitHub_2024/compsys_701_lab_2/Individual_Project/test/TestTopLevel.vhd Line: 14
    Info (12023): Found entity 1: TestTopLevel File: H:/echome/GitHub_2024/compsys_701_lab_2/Individual_Project/test/TestTopLevel.vhd Line: 8
Info (12021): Found 2 design units, including 1 entities, in source file test/testdac.vhd
    Info (12022): Found design unit 1: TestDac-sim File: H:/echome/GitHub_2024/compsys_701_lab_2/Individual_Project/test/TestDac.vhd Line: 16
    Info (12023): Found entity 1: TestDac File: H:/echome/GitHub_2024/compsys_701_lab_2/Individual_Project/test/TestDac.vhd Line: 8
Info (12021): Found 2 design units, including 1 entities, in source file test/testconfigavg.vhd
    Info (12022): Found design unit 1: TestRecop-sim File: H:/echome/GitHub_2024/compsys_701_lab_2/Individual_Project/test/TestConfigAvg.vhd Line: 18
    Info (12023): Found entity 1: TestRecop File: H:/echome/GitHub_2024/compsys_701_lab_2/Individual_Project/test/TestConfigAvg.vhd Line: 8
Info (12021): Found 2 design units, including 1 entities, in source file test/testadc.vhd
    Info (12022): Found design unit 1: TestAdc-sim File: H:/echome/GitHub_2024/compsys_701_lab_2/Individual_Project/test/TestAdc.vhd Line: 19
    Info (12023): Found entity 1: TestAdc File: H:/echome/GitHub_2024/compsys_701_lab_2/Individual_Project/test/TestAdc.vhd Line: 8
Info (12021): Found 2 design units, including 1 entities, in source file src/toplevel.vhd
    Info (12022): Found design unit 1: TopLevel-rtl File: H:/echome/GitHub_2024/compsys_701_lab_2/Individual_Project/src/TopLevel.vhd Line: 44
    Info (12023): Found entity 1: TopLevel File: H:/echome/GitHub_2024/compsys_701_lab_2/Individual_Project/src/TopLevel.vhd Line: 7
Info (12021): Found 2 design units, including 1 entities, in source file src/configaspavg.vhd
    Info (12022): Found design unit 1: ConfigAspAvg-rtl File: H:/echome/GitHub_2024/compsys_701_lab_2/Individual_Project/src/ConfigAspAvg.vhd Line: 17
    Info (12023): Found entity 1: ConfigAspAvg File: H:/echome/GitHub_2024/compsys_701_lab_2/Individual_Project/src/ConfigAspAvg.vhd Line: 8
Info (12021): Found 2 design units, including 1 entities, in source file src/aspdac.vhd
    Info (12022): Found design unit 1: AspDac-rtl File: H:/echome/GitHub_2024/compsys_701_lab_2/Individual_Project/src/AspDac.vhd Line: 20
    Info (12023): Found entity 1: AspDac File: H:/echome/GitHub_2024/compsys_701_lab_2/Individual_Project/src/AspDac.vhd Line: 8
Info (12021): Found 2 design units, including 1 entities, in source file src/aspadc.vhd
    Info (12022): Found design unit 1: AspAdc-rtl File: H:/echome/GitHub_2024/compsys_701_lab_2/Individual_Project/src/AspAdc.vhd Line: 20
    Info (12023): Found entity 1: AspAdc File: H:/echome/GitHub_2024/compsys_701_lab_2/Individual_Project/src/AspAdc.vhd Line: 8
Info (12021): Found 2 design units, including 1 entities, in source file ip/audiofifo/audiofifo.vhd
    Info (12022): Found design unit 1: audiofifo-SYN File: H:/echome/GitHub_2024/compsys_701_lab_2/Individual_Project/ip/AudioFifo/AudioFifo.vhd Line: 58
    Info (12023): Found entity 1: AudioFifo File: H:/echome/GitHub_2024/compsys_701_lab_2/Individual_Project/ip/AudioFifo/AudioFifo.vhd Line: 43
Info (15248): File "H:/echome/GitHub_2024/compsys_701_lab_2/Individual_Project/ip/AudioClock_2/AudioClock.vhd" is a duplicate of already analyzed file "H:/echome/GitHub_2024/compsys_701_lab_2/Individual_Project/ip/AudioClock_1/AudioClock.vhd" (same filename, same library name and same md5 digest). Skipping analysis of this file.
Info (12021): Found 0 design units, including 0 entities, in source file ip/audioclock_2/audioclock.vhd
Error (10481): VHDL Use Clause error at TopLevel.vhd(174): design library "work" does not contain primary unit "AspExample". Verify that the primary unit exists in the library and has been successfully compiled. File: H:/echome/GitHub_2024/compsys_701_lab_2/Individual_Project/src/TopLevel.vhd Line: 174
Error: Quartus Prime Analysis & Synthesis was unsuccessful. 1 error, 1 warning
    Error: Peak virtual memory: 4852 megabytes
    Error: Processing ended: Fri May 24 20:30:51 2024
    Error: Elapsed time: 00:00:06
    Error: Total CPU time (on all processors): 00:00:03


