18:18:12 **** Build of configuration Nios II for project Lab_2_Example_Replace ****
make all 
Info: Building ../Lab_2_Example_Replace_bsp/
C:/intelFPGA/18.1/nios2eds/bin/gnu/H-x86_64-mingw32/bin/make --no-print-directory -C ../Lab_2_Example_Replace_bsp/
[BSP build complete]
Info: Compiling main.c to obj/default/main.o
nios2-elf-gcc -xc -MP -MMD -c -I../Lab_2_Example_Replace_bsp//HAL/inc -I../Lab_2_Example_Replace_bsp/ -I../Lab_2_Example_Replace_bsp//drivers/inc  -pipe -D__hal__ -DALT_NO_INSTRUCTION_EMULATION -DSMALL_C_LIB -DALT_SINGLE_THREADED    -O0 -g -Wall   -mno-hw-div -mhw-mul -mno-hw-mulx -mgpopt=global  -o obj/default/main.o main.c
main.c: In function 'main':
main.c:86:4: warning: implicit declaration of function 'usleep' [-Wimplicit-function-declaration]
    usleep(250000);
    ^
main.c:61:11: warning: unused variable 'bitmask' [-Wunused-variable]
  uint16_t bitmask = IORD_ALTERA_AVALON_PIO_DATA(LED_PIO_BASE);
           ^
main.c:59:6: warning: unused variable 'input' [-Wunused-variable]
  int input;
      ^
main.c:58:18: warning: unused variable 'KEY2' [-Wunused-variable]
  int KEY0, KEY1, KEY2;
                  ^
main.c:58:12: warning: unused variable 'KEY1' [-Wunused-variable]
  int KEY0, KEY1, KEY2;
            ^
main.c:58:6: warning: unused variable 'KEY0' [-Wunused-variable]
  int KEY0, KEY1, KEY2;
      ^
Info: Linking Lab_2_Example_Replace.elf
nios2-elf-g++  -T'../Lab_2_Example_Replace_bsp//linker.x' -msys-crt0='../Lab_2_Example_Replace_bsp//obj/HAL/src/crt0.o' -msys-lib=hal_bsp -L../Lab_2_Example_Replace_bsp/  -msmallc  -Wl,-Map=Lab_2_Example_Replace.map   -O0 -g -Wall   -mno-hw-div -mhw-mul -mno-hw-mulx -mgpopt=global  -o Lab_2_Example_Replace.elf obj/default/main.o -lm -msys-lib=m
nios2-elf-insert Lab_2_Example_Replace.elf --thread_model hal --cpu_name cpu --qsys true --simulation_enabled false --stderr_dev jtag_uart --stdin_dev jtag_uart --stdout_dev jtag_uart --sopc_system_name Nios_System_2A --quartus_project_dir "H:/echome/701_LAB_2/Lab2_Reference_Design_2024_(new)/CS701" --jdi ../..//output_files/DE1-SoC.jdi --sopcinfo H:/echome/701_LAB_2/Lab2_Reference_Design_2024_(new)/CS701/software/Lab_2_Example_Replace_bsp/../../Nios_System_2A.sopcinfo
/usr/bin/sh: -c: line 0: syntax error near unexpected token `('
/usr/bin/sh: -c: line 0: `nios2-elf-insert Lab_2_Example_Replace.elf --thread_model hal --cpu_name cpu --qsys true --simulation_enabled false --stderr_dev jtag_uart --stdin_dev jtag_uart --stdout_dev jtag_uart --sopc_system_name Nios_System_2A --quartus_project_dir "H:/echome/701_LAB_2/Lab2_Reference_Design_2024_(new)/CS701" --jdi ../..//output_files/DE1-SoC.jdi --sopcinfo H:/echome/701_LAB_2/Lab2_Reference_Design_2024_(new)/CS701/software/Lab_2_Example_Replace_bsp/../../Nios_System_2A.sopcinfo'
make: *** [Lab_2_Example_Replace.elf] Error 1
make: *** Deleting file `Lab_2_Example_Replace.elf'
